c:\adobe\aftereffectssdk\examples\effect\pathmaster\win\x64\debug\pathmaster.bsc
c:\adobe\aftereffectssdk\examples\effect\pathmaster\win\x64\debug\vc143.pdb
c:\adobe\aftereffectssdk\examples\effect\pathmaster\win\x64\debug\aefx_suitehelper.sbr
c:\adobe\aftereffectssdk\examples\effect\pathmaster\win\x64\debug\aefx_suitehelper.obj
c:\adobe\aftereffectssdk\examples\effect\pathmaster\win\x64\debug\aegp_suitehandler.sbr
c:\adobe\aftereffectssdk\examples\effect\pathmaster\win\x64\debug\missingsuiteerror.sbr
c:\adobe\aftereffectssdk\examples\effect\pathmaster\win\x64\debug\pathmaster.sbr
c:\adobe\aftereffectssdk\examples\effect\pathmaster\win\x64\debug\pathmaster_strings.sbr
c:\adobe\aftereffectssdk\examples\effect\pathmaster\win\x64\debug\pathmaster_strings.obj
c:\adobe\aftereffectssdk\examples\effect\pathmaster\win\x64\debug\pathmaster.obj
c:\adobe\aftereffectssdk\examples\effect\pathmaster\win\x64\debug\missingsuiteerror.obj
c:\adobe\aftereffectssdk\examples\effect\pathmaster\win\x64\debug\aegp_suitehandler.obj
c:\adobe\aftereffectssdk\examples\effect\pathmaster\win\pathmasterpipl.rc
c:\adobe\aftereffectssdk\examples\aegp\output\pathmaster.aex
c:\adobe\aftereffectssdk\examples\effect\pathmaster\win\x64\debug\pathmaster.pdb
c:\adobe\aftereffectssdk\examples\effect\pathmaster\win\x64\debug\pathmasterpipl.res
c:\adobe\aftereffectssdk\examples\effect\pathmaster\win\x64\debug\pathmaster.lib
c:\adobe\aftereffectssdk\examples\effect\pathmaster\win\x64\debug\pathmaster.exp
c:\adobe\aftereffectssdk\examples\aegp\output\pathmaster.ilk
c:\adobe\aftereffectssdk\examples\effect\pathmaster\win\x64\debug\pathmaster.tlog\bscmake.command.1.tlog
c:\adobe\aftereffectssdk\examples\effect\pathmaster\win\x64\debug\pathmaster.tlog\bscmake.read.1.tlog
c:\adobe\aftereffectssdk\examples\effect\pathmaster\win\x64\debug\pathmaster.tlog\bscmake.write.1.tlog
c:\adobe\aftereffectssdk\examples\effect\pathmaster\win\x64\debug\pathmaster.tlog\cl.command.1.tlog
c:\adobe\aftereffectssdk\examples\effect\pathmaster\win\x64\debug\pathmaster.tlog\cl.items.tlog
c:\adobe\aftereffectssdk\examples\effect\pathmaster\win\x64\debug\pathmaster.tlog\cl.read.1.tlog
c:\adobe\aftereffectssdk\examples\effect\pathmaster\win\x64\debug\pathmaster.tlog\cl.write.1.tlog
c:\adobe\aftereffectssdk\examples\effect\pathmaster\win\x64\debug\pathmaster.tlog\custombuild.command.1.tlog
c:\adobe\aftereffectssdk\examples\effect\pathmaster\win\x64\debug\pathmaster.tlog\custombuild.read.1.tlog
c:\adobe\aftereffectssdk\examples\effect\pathmaster\win\x64\debug\pathmaster.tlog\custombuild.write.1.tlog
c:\adobe\aftereffectssdk\examples\effect\pathmaster\win\x64\debug\pathmaster.tlog\link.command.1.tlog
c:\adobe\aftereffectssdk\examples\effect\pathmaster\win\x64\debug\pathmaster.tlog\link.read.1.tlog
c:\adobe\aftereffectssdk\examples\effect\pathmaster\win\x64\debug\pathmaster.tlog\link.secondary.1.tlog
c:\adobe\aftereffectssdk\examples\effect\pathmaster\win\x64\debug\pathmaster.tlog\link.write.1.tlog
c:\adobe\aftereffectssdk\examples\effect\pathmaster\win\x64\debug\pathmaster.tlog\rc.command.1.tlog
c:\adobe\aftereffectssdk\examples\effect\pathmaster\win\x64\debug\pathmaster.tlog\rc.read.1.tlog
c:\adobe\aftereffectssdk\examples\effect\pathmaster\win\x64\debug\pathmaster.tlog\rc.write.1.tlog
