c:\adobe\aftereffectssdk\examples\template\skeleton\win\x64\debug\vc143.pdb
c:\adobe\aftereffectssdk\examples\template\skeleton\win\x64\debug\aegp_suitehandler.sbr
c:\adobe\aftereffectssdk\examples\template\skeleton\win\x64\debug\missingsuiteerror.sbr
c:\adobe\aftereffectssdk\examples\template\skeleton\win\x64\debug\skeleton.sbr
c:\adobe\aftereffectssdk\examples\template\skeleton\win\x64\debug\skeleton_strings.sbr
c:\adobe\aftereffectssdk\examples\template\skeleton\win\x64\debug\skeleton_strings.obj
c:\adobe\aftereffectssdk\examples\template\skeleton\win\x64\debug\skeleton.obj
c:\adobe\aftereffectssdk\examples\template\skeleton\win\x64\debug\missingsuiteerror.obj
c:\adobe\aftereffectssdk\examples\template\skeleton\win\x64\debug\aegp_suitehandler.obj
c:\adobe\aftereffectssdk\examples\template\skeleton\win\skeletonpipl.rc
c:\adobe\aftereffectssdk\examples\template\skeleton\win\x64\debug\skeletonpipl.res
c:\adobe\aftereffectssdk\examples\template\skeleton\win\x64\debug\skeleton.tlog\cl.command.1.tlog
c:\adobe\aftereffectssdk\examples\template\skeleton\win\x64\debug\skeleton.tlog\cl.read.1.tlog
c:\adobe\aftereffectssdk\examples\template\skeleton\win\x64\debug\skeleton.tlog\cl.write.1.tlog
c:\adobe\aftereffectssdk\examples\template\skeleton\win\x64\debug\skeleton.tlog\custombuild.command.1.tlog
c:\adobe\aftereffectssdk\examples\template\skeleton\win\x64\debug\skeleton.tlog\custombuild.read.1.tlog
c:\adobe\aftereffectssdk\examples\template\skeleton\win\x64\debug\skeleton.tlog\custombuild.write.1.tlog
c:\adobe\aftereffectssdk\examples\template\skeleton\win\x64\debug\skeleton.tlog\link.command.1.tlog
c:\adobe\aftereffectssdk\examples\template\skeleton\win\x64\debug\skeleton.tlog\link.read.1.tlog
c:\adobe\aftereffectssdk\examples\template\skeleton\win\x64\debug\skeleton.tlog\link.write.1.tlog
c:\adobe\aftereffectssdk\examples\template\skeleton\win\x64\debug\skeleton.tlog\rc.command.1.tlog
c:\adobe\aftereffectssdk\examples\template\skeleton\win\x64\debug\skeleton.tlog\rc.read.1.tlog
c:\adobe\aftereffectssdk\examples\template\skeleton\win\x64\debug\skeleton.tlog\rc.write.1.tlog
