  Compiling the PiPL
  Microsoft (R) C/C++ Optimizing Compiler Version 19.44.35211 for x64
  Copyright (C) Microsoft Corporation.  All rights reserved.
  
  SkeletonPiPL.r
  Microsoft (R) C/C++ Optimizing Compiler Version 19.44.35211 for x64
  Copyright (C) Microsoft Corporation.  All rights reserved.
  
  SkeletonPiPL.rrc
  AEGP_SuiteHandler.cpp
C:\Adobe\AfterEffectsSDK\Examples\Headers\AE_EffectSuites.h(746,10): warning C4103: alignment changed after including header, may be due to missing #pragma pack(pop)
  (compiling source file '../../../Util/AEGP_SuiteHandler.cpp')
  
  MissingSuiteError.cpp
C:\Adobe\AfterEffectsSDK\Examples\Headers\AE_EffectSuites.h(746,10): warning C4103: alignment changed after including header, may be due to missing #pragma pack(pop)
  (compiling source file '../../../Util/MissingSuiteError.cpp')
  
  Skeleton.cpp
C:\Adobe\AfterEffectsSDK\Examples\Util\Param_Utils.h(389,2): warning C4996: 'strncpy': This function or variable may be unsafe. Consider using strncpy_s instead. To disable deprecation, use _CRT_SECURE_NO_WARNINGS. See online help for details.
  (compiling source file '../Skeleton.cpp')
  
C:\Adobe\AfterEffectsSDK\Examples\Template\Skeleton\Skeleton.cpp(95,2): warning C4996: 'strncpy': This function or variable may be unsafe. Consider using strncpy_s instead. To disable deprecation, use _CRT_SECURE_NO_WARNINGS. See online help for details.
C:\Adobe\AfterEffectsSDK\Examples\Template\Skeleton\Skeleton.cpp(108,2): warning C4996: 'strncpy': This function or variable may be unsafe. Consider using strncpy_s instead. To disable deprecation, use _CRT_SECURE_NO_WARNINGS. See online help for details.
  Skeleton_Strings.cpp
C:\Adobe\AfterEffectsSDK\Examples\Util\Param_Utils.h(389,2): warning C4996: 'strncpy': This function or variable may be unsafe. Consider using strncpy_s instead. To disable deprecation, use _CRT_SECURE_NO_WARNINGS. See online help for details.
  (compiling source file '../Skeleton_Strings.cpp')
  
  Generating Code...
C:\Program Files\Microsoft Visual Studio\2022\Community\MSBuild\Microsoft\VC\v170\Microsoft.CppBuild.targets(1402,5): warning MSB8012: TargetPath(C:\Skeleton.aex) does not match the Linker's OutputFile property value (C:\Adobe\AfterEffectsSDK\Examples\output\Skeleton.aex). This may cause your project to build incorrectly. To correct this, please make sure that $(OutDir), $(TargetName) and $(TargetExt) property values match the value specified in %(Link.OutputFile).
     Creating library x64\Debug\/Skeleton.lib and object x64\Debug\/Skeleton.exp
  Skeleton.vcxproj -> C:\Skeleton.aex
